
[build] loading fasta file /tmp/Coccidioides_immitis_RS.mrna-transcripts.fa
[build] k-mer length: 31
[build] counting k-mers ... done.
[build] building target de Bruijn graph ...  done 
[build] creating equivalence classes ...  done
[build] target de Bruijn graph has 17460 contigs and contains 14661740 k-mers 


[quant] fragment length distribution will be estimated from the data
[index] k-mer length: 31
[index] number of targets: 9,861
[index] number of k-mers: 14,661,740
[index] number of equivalence classes: 12,362
[quant] running in paired-end mode
[quant] will process pair 1: fastq/MyceliaA_S66_L004_R1_001.fastq.gz
                             fastq/MyceliaA_S66_L004_R2_001.fastq.gz
[quant] finding pseudoalignments for the reads ... done
[quant] learning parameters for sequence specific bias
[quant] processed 15,187,301 reads, 2,217,926 reads pseudoaligned
[quant] estimated average fragment length: 213.338
[   em] quantifying the abundances ... done
[   em] the Expectation-Maximization algorithm ran for 894 rounds

